<?xml version="1.0" encoding="UTF-8"?>
<testsuite xmlns:xsi="http://www.w3.org/2001/XMLSchema-instance" xsi:noNamespaceSchemaLocation="https://maven.apache.org/surefire/maven-surefire-plugin/xsd/surefire-test-report-3.0.xsd" version="3.0" name="com.bruno.cadastrocliente.SistemaECommerceApplicationTests" time="4.849" tests="1" errors="0" skipped="0" failures="0">
  <properties>
[...]
</properties>
  <testcase name="contextLoads" classname="com.bruno.cadastrocliente.SistemaECommerceApplicationTests" time="0.321">
    <system-out><![CDATA[11:50:15.144 [main] INFO org.springframework.test.context.support.AnnotationConfigContextLoaderUtils -- Could not detect default configuration classes for test class [com.bruno.cadastrocliente.SistemaECommerceApplicationTests]: SistemaECommerceApplicationTests does not declare any static, non-private, non-final, nested classes annotated with @Configuration.
11:50:15.242 [main] INFO org.springframework.boot.test.context.SpringBootTestContextBootstrapper -- Found @SpringBootConfiguration com.bruno.cadastrocliente.SistemaECommerceApplication for test class com.bruno.cadastrocliente.SistemaECommerceApplicationTests
11:50:15.399 [main] INFO org.springframework.boot.devtools.restart.RestartApplicationListener -- Restart disabled due to context in which it is running

  .   ____          _            __ _ _
 /\\ / ___'_ __ _ _(_)_ __  __ _ \ \ \ \
( ( )\___ | '_ | '_| | '_ \/ _` | \ \ \ \
 \\/  ___)| |_)| | | | | || (_| |  ) ) ) )
  '  |____| .__|_| |_|_| |_\__, | / / / /
 =========|_|==============|___/=/_/_/_/
 :: Spring Boot ::                (v3.1.5)

2025-10-03T11:50:15.643-03:00  INFO 70252 --- [           main] c.b.c.SistemaECommerceApplicationTests   : Starting SistemaECommerceApplicationTests using Java 24.0.1 with PID 70252 (started by brbar in C:\Users\brbar\PortifolioGitHub\mini-crm-backend)
2025-10-03T11:50:15.644-03:00  INFO 70252 --- [           main] c.b.c.SistemaECommerceApplicationTests   : No active profile set, falling back to 1 default profile: "default"
2025-10-03T11:50:16.332-03:00  INFO 70252 --- [           main] .s.d.r.c.RepositoryConfigurationDelegate : Bootstrapping Spring Data JPA repositories in DEFAULT mode.
2025-10-03T11:50:16.468-03:00  INFO 70252 --- [           main] .s.d.r.c.RepositoryConfigurationDelegate : Finished Spring Data repository scanning in 127 ms. Found 3 JPA repository interfaces.
2025-10-03T11:50:16.790-03:00  INFO 70252 --- [           main] trationDelegate$BeanPostProcessorChecker : Bean 'org.springframework.ws.config.annotation.DelegatingWsConfiguration' of type [org.springframework.ws.config.annotation.DelegatingWsConfiguration$$SpringCGLIB$$0] is not eligible for getting processed by all BeanPostProcessors (for example: not eligible for auto-proxying)
2025-10-03T11:50:16.814-03:00  INFO 70252 --- [           main] .w.s.a.s.AnnotationActionEndpointMapping : Supporting [WS-Addressing August 2004, WS-Addressing 1.0]
2025-10-03T11:50:17.015-03:00  INFO 70252 --- [           main] o.hibernate.jpa.internal.util.LogHelper  : HHH000204: Processing PersistenceUnitInfo [name: default]
2025-10-03T11:50:17.067-03:00  INFO 70252 --- [           main] org.hibernate.Version                    : HHH000412: Hibernate ORM core version 6.2.13.Final
2025-10-03T11:50:17.069-03:00  INFO 70252 --- [           main] org.hibernate.cfg.Environment            : HHH000406: Using bytecode reflection optimizer
2025-10-03T11:50:17.364-03:00  INFO 70252 --- [           main] o.s.o.j.p.SpringPersistenceUnitInfo      : No LoadTimeWeaver setup: ignoring JPA class transformer
2025-10-03T11:50:17.395-03:00  INFO 70252 --- [           main] com.zaxxer.hikari.HikariDataSource       : HikariPool-1 - Starting...
2025-10-03T11:50:17.579-03:00  INFO 70252 --- [           main] com.zaxxer.hikari.pool.HikariPool        : HikariPool-1 - Added connection com.mysql.cj.jdbc.ConnectionImpl@27d98bef
2025-10-03T11:50:17.580-03:00  INFO 70252 --- [           main] com.zaxxer.hikari.HikariDataSource       : HikariPool-1 - Start completed.
2025-10-03T11:50:17.621-03:00  WARN 70252 --- [           main] org.hibernate.orm.deprecation            : HHH90000025: MySQL8Dialect does not need to be specified explicitly using 'hibernate.dialect' (remove the property setting and it will be selected by default)
2025-10-03T11:50:17.622-03:00  WARN 70252 --- [           main] org.hibernate.orm.deprecation            : HHH90000026: MySQL8Dialect has been deprecated; use org.hibernate.dialect.MySQLDialect instead
2025-10-03T11:50:18.344-03:00  INFO 70252 --- [           main] o.h.e.t.j.p.i.JtaPlatformInitiator       : HHH000489: No JTA platform available (set 'hibernate.transaction.jta.platform' to enable JTA platform integration)
2025-10-03T11:50:18.422-03:00  INFO 70252 --- [           main] j.LocalContainerEntityManagerFactoryBean : Initialized JPA EntityManagerFactory for persistence unit 'default'
2025-10-03T11:50:18.994-03:00  WARN 70252 --- [           main] JpaBaseConfiguration$JpaWebConfiguration : spring.jpa.open-in-view is enabled by default. Therefore, database queries may be performed during view rendering. Explicitly configure spring.jpa.open-in-view to disable this warning
2025-10-03T11:50:19.288-03:00  WARN 70252 --- [           main] .s.s.UserDetailsServiceAutoConfiguration : 

Using generated security password: bd8fdd5d-66f5-446b-8eea-5e4ac9e89d67

This generated password is for development use only. Your security configuration must be updated before running your application in production.

2025-10-03T11:50:19.417-03:00  INFO 70252 --- [           main] o.s.s.web.DefaultSecurityFilterChain     : Will secure any request with [org.springframework.security.web.session.DisableEncodeUrlFilter@fe38d1e, org.springframework.security.web.context.request.async.WebAsyncManagerIntegrationFilter@1a4564a2, org.springframework.security.web.context.SecurityContextHolderFilter@23c61c1b, org.springframework.security.web.header.HeaderWriterFilter@c0cb9c2, org.springframework.security.web.csrf.CsrfFilter@230dd372, org.springframework.security.web.authentication.logout.LogoutFilter@7a91027c, org.springframework.security.web.authentication.UsernamePasswordAuthenticationFilter@57cc0333, org.springframework.security.web.authentication.ui.DefaultLoginPageGeneratingFilter@870413c, org.springframework.security.web.authentication.ui.DefaultLogoutPageGeneratingFilter@157267db, org.springframework.security.web.authentication.www.BasicAuthenticationFilter@69af938b, org.springframework.security.web.savedrequest.RequestCacheAwareFilter@773cc551, org.springframework.security.web.servletapi.SecurityContextHolderAwareRequestFilter@7f5c4ff8, org.springframework.security.web.authentication.AnonymousAuthenticationFilter@4b8ac512, org.springframework.security.web.access.ExceptionTranslationFilter@23a78d2e, org.springframework.security.web.access.intercept.AuthorizationFilter@5f93ec02]
2025-10-03T11:50:19.521-03:00  INFO 70252 --- [           main] c.b.c.SistemaECommerceApplicationTests   : Started SistemaECommerceApplicationTests in 4.133 seconds (process running for 4.985)
]]></system-out>
    <system-err><![CDATA[WARNING: A Java agent has been loaded dynamically (C:\Users\brbar\.m2\repository\net\bytebuddy\byte-buddy-agent\1.14.9\byte-buddy-agent-1.14.9.jar)
WARNING: If a serviceability tool is in use, please run with -XX:+EnableDynamicAgentLoading to hide this warning
WARNING: If a serviceability tool is not in use, please run with -Djdk.instrument.traceUsage for more information
WARNING: Dynamic loading of agents will be disallowed by default in a future release
]]></system-err>
  </testcase>
</testsuite>